<?xml version="1.0" encoding="UTF-8" ?>
<testsuite tests="1" failures="1" name="edu.csusm.capstone.timeseriesannotator.Model.HDFReaderTest" time="0.315" errors="0" skipped="0">
  <properties>
[...]
</properties>
  <testcase classname="edu.csusm.capstone.timeseriesannotator.Model.HDFReaderTest" name="edu.csusm.capstone.timeseriesannotator.Model.HDFReaderTest.testBuildDataList" time="0.315">
    <failure message="Path is not a file. (C:\Users\cmcki\Desktop\MTSA\MultivariateTimeSeriesAnnotator)" type="ch.systemsx.cisd.hdf5.exceptions.HDF5FileNotFoundException">ch.systemsx.cisd.hdf5.exceptions.HDF5FileNotFoundException: Path is not a file. (C:\Users\cmcki\Desktop\MTSA\MultivariateTimeSeriesAnnotator)
	at ch.systemsx.cisd.hdf5.HDF5BaseReader.openFile(HDF5BaseReader.java:229)
	at ch.systemsx.cisd.hdf5.HDF5BaseReader.&lt;init&gt;(HDF5BaseReader.java:177)
	at ch.systemsx.cisd.hdf5.HDF5BaseReader.&lt;init&gt;(HDF5BaseReader.java:155)
	at ch.systemsx.cisd.hdf5.HDF5ReaderConfigurator.reader(HDF5ReaderConfigurator.java:81)
	at ch.systemsx.cisd.hdf5.HDF5FactoryProvider$HDF5Factory.openForReading(HDF5FactoryProvider.java:55)
	at ch.systemsx.cisd.hdf5.HDF5Factory.openForReading(HDF5Factory.java:62)
	at edu.csusm.capstone.timeseriesannotator.Model.HDFReader.buildDataList(HDFReader.java:19)
	at edu.csusm.capstone.timeseriesannotator.Model.HDFReaderTest.testBuildDataList(HDFReaderTest.java:47)
</failure>
    <system-out>buildDataList
</system-out>
  </testcase>
</testsuite>