<?xml version="1.0" encoding="UTF-8" ?>
<testsuite tests="1" failures="1" name="edu.csusm.capstone.timeseriesannotator.Model.CSVReaderTest" time="0.006" errors="0" skipped="0">
  <properties>
[...]
</properties>
  <testcase classname="edu.csusm.capstone.timeseriesannotator.Model.CSVReaderTest" name="edu.csusm.capstone.timeseriesannotator.Model.CSVReaderTest.testBuildDataList" time="0.006">
    <failure message="expected: &lt;&gt; but was: &lt;null&gt;" type="org.opentest4j.AssertionFailedError">org.opentest4j.AssertionFailedError: expected: &lt;&gt; but was: &lt;null&gt;
	at org.junit.jupiter.api.AssertionUtils.fail(AssertionUtils.java:55)
	at org.junit.jupiter.api.AssertionUtils.failNotEqual(AssertionUtils.java:62)
	at org.junit.jupiter.api.AssertEquals.assertEquals(AssertEquals.java:182)
	at org.junit.jupiter.api.AssertEquals.assertEquals(AssertEquals.java:177)
	at org.junit.jupiter.api.Assertions.assertEquals(Assertions.java:1124)
	at edu.csusm.capstone.timeseriesannotator.Model.CSVReaderTest.testBuildDataList(CSVReaderTest.java:42)
</failure>
    <system-out>buildDataList
</system-out>
  </testcase>
</testsuite>